2017-03-22 20:31:35 ERROR ModelTraining:125 - Output directory file:/home/888699/workspaceJava/ToyWeatherPrediction/src/main/resources/models/temperatureModel/metadata already exists
2017-03-23 08:20:55 ERROR ModelTraining:124 - Output directory file:/home/888699/workspaceJava/ToyWeatherPrediction/src/main/resources/models/decisiontreemodel/metadata already exists
2017-03-23 08:30:15 ERROR ModelTraining:124 - Cannot call methods on a stopped SparkContext.
This stopped SparkContext was created at:

org.apache.spark.api.java.JavaSparkContext.<init>(JavaSparkContext.scala:59)
com.appu.models.preperation.ModelTraining.main(ModelTraining.java:84)

The currently active SparkContext was created at:

org.apache.spark.api.java.JavaSparkContext.<init>(JavaSparkContext.scala:59)
com.appu.models.preperation.ModelTraining.main(ModelTraining.java:84)
         
2017-03-23 09:46:34 ERROR ToyWeatherPredictor:125 - Invalid Arguments
2017-03-23 09:53:01 ERROR ModelDataLoader:46 - 
2017-03-23 09:53:02 ERROR ModelDataLoader:100 - 
2017-03-23 09:58:33 ERROR ModelDataLoader:46 - 
2017-03-23 09:58:33 ERROR ModelDataLoader:100 - 
2017-03-23 10:09:04 ERROR ModelDataLoader:46 - 
2017-03-23 10:09:05 ERROR ModelDataLoader:100 - 
2017-03-23 10:15:55 ERROR CommonUtils:110 - 
2017-03-23 10:16:45 ERROR CommonUtils:110 - 
2017-03-23 10:17:09 ERROR CommonUtils:110 - 
2017-03-23 10:17:10 ERROR ModelDataLoader:46 - 
2017-03-23 10:17:10 ERROR ModelDataLoader:100 - 
2017-03-23 12:07:19 ERROR CommonUtils:110 - 
2017-03-23 12:08:26 ERROR CommonUtils:110 - 
2017-03-23 12:13:30 ERROR CommonUtils:110 - 
2017-03-23 12:14:02 ERROR ModelDataLoader:46 - 
2017-03-23 12:14:02 ERROR ModelDataLoader:100 - 
2017-03-23 12:16:42 ERROR CommonUtils:110 - 
2017-03-23 12:16:44 ERROR ModelDataLoader:46 - 
2017-03-23 12:16:44 ERROR ModelDataLoader:100 - 
2017-03-23 12:54:55 ERROR CommonUtils:110 - 
2017-03-23 12:54:57 ERROR ModelDataLoader:46 - 
2017-03-23 12:54:57 ERROR ModelDataLoader:100 - 
